# JRE version: Java(TM) SE Runtime Environment (8.0_121-b13) (build 1.8.0_121-b13)
# Java VM: Java HotSpot(TM) Client VM (25.121-b13 mixed mode windows-x86 )
Heap:
 def new generation   total 19712K, used 8511K [0x03e00000, 0x05360000, 0x09350000)
  eden space 17536K,  40% used [0x03e00000, 0x044e1cc0, 0x04f20000)
  from space 2176K,  67% used [0x05140000, 0x052ae120, 0x05360000)
  to   space 2176K,   0% used [0x04f20000, 0x04f20000, 0x05140000)
 tenured generation   total 43632K, used 33360K [0x09350000, 0x0bdec000, 0x13e00000)
   the space 43632K,  76% used [0x09350000, 0x0b3e43d0, 0x0b3e4400, 0x0bdec000)
 Metaspace       used 26570K, capacity 26852K, committed 27008K, reserved 27008K
GC Heap History (10 events):
Event: 11.497 GC heap before
{Heap before GC invocations=127 (full 4):
 def new generation   total 19712K, used 18205K [0x03e00000, 0x05360000, 0x09350000)
  eden space 17536K, 100% used [0x03e00000, 0x04f20000, 0x04f20000)
  from space 2176K,  30% used [0x04f20000, 0x04fc7498, 0x05140000)
  to   space 2176K,   0% used [0x05140000, 0x05140000, 0x05360000)
 tenured generation   total 43632K, used 29153K [0x09350000, 0x0bdec000, 0x13e00000)
   the space 43632K,  66% used [0x09350000, 0x0afc85e8, 0x0afc8600, 0x0bdec000)
 Metaspace       used 22953K, capacity 23240K, committed 23296K, reserved 23936K
Event: 11.509 GC heap after
Heap after GC invocations=128 (full 4):
 def new generation   total 19712K, used 2176K [0x03e00000, 0x05360000, 0x09350000)
  eden space 17536K,   0% used [0x03e00000, 0x03e00000, 0x04f20000)
  from space 2176K, 100% used [0x05140000, 0x05360000, 0x05360000)
  to   space 2176K,   0% used [0x04f20000, 0x04f20000, 0x05140000)
 tenured generation   total 43632K, used 29590K [0x09350000, 0x0bdec000, 0x13e00000)
   the space 43632K,  67% used [0x09350000, 0x0b0358d8, 0x0b035a00, 0x0bdec000)
 Metaspace       used 22953K, capacity 23240K, committed 23296K, reserved 23936K
}
Event: 11.758 GC heap before
{Heap before GC invocations=128 (full 4):
 def new generation   total 19712K, used 19712K [0x03e00000, 0x05360000, 0x09350000)
  eden space 17536K, 100% used [0x03e00000, 0x04f20000, 0x04f20000)
  from space 2176K, 100% used [0x05140000, 0x05360000, 0x05360000)
  to   space 2176K,   0% used [0x04f20000, 0x04f20000, 0x05140000)
 tenured generation   total 43632K, used 29590K [0x09350000, 0x0bdec000, 0x13e00000)
   the space 43632K,  67% used [0x09350000, 0x0b0358d8, 0x0b035a00, 0x0bdec000)
 Metaspace       used 23903K, capacity 24203K, committed 24320K, reserved 24960K
Event: 11.776 GC heap after
Heap after GC invocations=129 (full 4):
 def new generation   total 19712K, used 2175K [0x03e00000, 0x05360000, 0x09350000)
  eden space 17536K,   0% used [0x03e00000, 0x03e00000, 0x04f20000)
  from space 2176K,  99% used [0x04f20000, 0x0513ff00, 0x05140000)
  to   space 2176K,   0% used [0x05140000, 0x05140000, 0x05360000)
 tenured generation   total 43632K, used 31289K [0x09350000, 0x0bdec000, 0x13e00000)
   the space 43632K,  71% used [0x09350000, 0x0b1de588, 0x0b1de600, 0x0bdec000)
 Metaspace       used 23903K, capacity 24203K, committed 24320K, reserved 24960K
}
Event: 12.022 GC heap before
{Heap before GC invocations=129 (full 4):
 def new generation   total 19712K, used 19711K [0x03e00000, 0x05360000, 0x09350000)
  eden space 17536K, 100% used [0x03e00000, 0x04f20000, 0x04f20000)
  from space 2176K,  99% used [0x04f20000, 0x0513ff00, 0x05140000)
  to   space 2176K,   0% used [0x05140000, 0x05140000, 0x05360000)
 tenured generation   total 43632K, used 31289K [0x09350000, 0x0bdec000, 0x13e00000)
   the space 43632K,  71% used [0x09350000, 0x0b1de588, 0x0b1de600, 0x0bdec000)
 Metaspace       used 24601K, capacity 24912K, committed 24960K, reserved 24960K
Event: 12.033 GC heap after
Heap after GC invocations=130 (full 4):
 def new generation   total 19712K, used 1514K [0x03e00000, 0x05360000, 0x09350000)
  eden space 17536K,   0% used [0x03e00000, 0x03e00000, 0x04f20000)
  from space 2176K,  69% used [0x05140000, 0x052ba930, 0x05360000)
  to   space 2176K,   0% used [0x04f20000, 0x04f20000, 0x05140000)
 tenured generation   total 43632K, used 32520K [0x09350000, 0x0bdec000, 0x13e00000)
   the space 43632K,  74% used [0x09350000, 0x0b3121a8, 0x0b312200, 0x0bdec000)
 Metaspace       used 24601K, capacity 24912K, committed 24960K, reserved 24960K
}
Event: 12.315 GC heap before
{Heap before GC invocations=130 (full 4):
 def new generation   total 19712K, used 19050K [0x03e00000, 0x05360000, 0x09350000)
  eden space 17536K, 100% used [0x03e00000, 0x04f20000, 0x04f20000)
  from space 2176K,  69% used [0x05140000, 0x052ba930, 0x05360000)
  to   space 2176K,   0% used [0x04f20000, 0x04f20000, 0x05140000)
 tenured generation   total 43632K, used 32520K [0x09350000, 0x0bdec000, 0x13e00000)
   the space 43632K,  74% used [0x09350000, 0x0b3121a8, 0x0b312200, 0x0bdec000)
 Metaspace       used 25234K, capacity 25525K, committed 25600K, reserved 25984K
Event: 12.323 GC heap after
Heap after GC invocations=131 (full 4):
 def new generation   total 19712K, used 1206K [0x03e00000, 0x05360000, 0x09350000)
  eden space 17536K,   0% used [0x03e00000, 0x03e00000, 0x04f20000)
  from space 2176K,  55% used [0x04f20000, 0x0504dba8, 0x05140000)
  to   space 2176K,   0% used [0x05140000, 0x05140000, 0x05360000)
 tenured generation   total 43632K, used 33030K [0x09350000, 0x0bdec000, 0x13e00000)
   the space 43632K,  75% used [0x09350000, 0x0b391ac0, 0x0b391c00, 0x0bdec000)
 Metaspace       used 25234K, capacity 25525K, committed 25600K, reserved 25984K
}
Event: 12.884 GC heap before
{Heap before GC invocations=131 (full 4):
 def new generation   total 19712K, used 18742K [0x03e00000, 0x05360000, 0x09350000)
  eden space 17536K, 100% used [0x03e00000, 0x04f20000, 0x04f20000)
  from space 2176K,  55% used [0x04f20000, 0x0504dba8, 0x05140000)
  to   space 2176K,   0% used [0x05140000, 0x05140000, 0x05360000)
 tenured generation   total 43632K, used 33030K [0x09350000, 0x0bdec000, 0x13e00000)
   the space 43632K,  75% used [0x09350000, 0x0b391ac0, 0x0b391c00, 0x0bdec000)
 Metaspace       used 26090K, capacity 26396K, committed 26496K, reserved 27008K
Event: 12.896 GC heap after
Heap after GC invocations=132 (full 4):
 def new generation   total 19712K, used 1464K [0x03e00000, 0x05360000, 0x09350000)
  eden space 17536K,   0% used [0x03e00000, 0x03e00000, 0x04f20000)
  from space 2176K,  67% used [0x05140000, 0x052ae120, 0x05360000)
  to   space 2176K,   0% used [0x04f20000, 0x04f20000, 0x05140000)
 tenured generation   total 43632K, used 33360K [0x09350000, 0x0bdec000, 0x13e00000)
   the space 43632K,  76% used [0x09350000, 0x0b3e43d0, 0x0b3e4400, 0x0bdec000)
 Metaspace       used 26090K, capacity 26396K, committed 26496K, reserved 27008K
}

