# JRE version: Java(TM) SE Runtime Environment (8.0_121-b13) (build 1.8.0_121-b13)
# Java VM: Java HotSpot(TM) Client VM (25.121-b13 mixed mode windows-x86 )
Heap:
 def new generation   total 12480K, used 12480K [0x03a00000, 0x04780000, 0x08f50000)
  eden space 11136K, 100% used [0x03a00000, 0x044e0000, 0x044e0000)
  from space 1344K, 100% used [0x04630000, 0x04780000, 0x04780000)
  to   space 1344K, 100% used [0x044e0000, 0x04630000, 0x04630000)
 tenured generation   total 28056K, used 28056K [0x08f50000, 0x0aab6000, 0x13a00000)
   the space 28056K, 100% used [0x08f50000, 0x0aab6000, 0x0aab6000, 0x0aab6000)
 Metaspace       used 13563K, capacity 13798K, committed 13824K, reserved 14720K
GC Heap History (10 events):
Event: 6.464 GC heap after
Heap after GC invocations=51 (full 3):
 def new generation   total 12480K, used 1344K [0x03a00000, 0x04780000, 0x08f50000)
  eden space 11136K,   0% used [0x03a00000, 0x03a00000, 0x044e0000)
  from space 1344K, 100% used [0x044e0000, 0x04630000, 0x04630000)
  to   space 1344K,   0% used [0x04630000, 0x04630000, 0x04780000)
 tenured generation   total 27540K, used 19036K [0x08f50000, 0x0aa35000, 0x13a00000)
   the space 27540K,  69% used [0x08f50000, 0x0a1e7350, 0x0a1e7400, 0x0aa35000)
 Metaspace       used 13558K, capacity 13764K, committed 13824K, reserved 14720K
}
Event: 6.594 GC heap before
{Heap before GC invocations=51 (full 3):
 def new generation   total 12480K, used 12480K [0x03a00000, 0x04780000, 0x08f50000)
  eden space 11136K, 100% used [0x03a00000, 0x044e0000, 0x044e0000)
  from space 1344K, 100% used [0x044e0000, 0x04630000, 0x04630000)
  to   space 1344K,   0% used [0x04630000, 0x04630000, 0x04780000)
 tenured generation   total 27540K, used 19036K [0x08f50000, 0x0aa35000, 0x13a00000)
   the space 27540K,  69% used [0x08f50000, 0x0a1e7350, 0x0a1e7400, 0x0aa35000)
 Metaspace       used 13558K, capacity 13764K, committed 13824K, reserved 14720K
Event: 6.605 GC heap after
Heap after GC invocations=52 (full 3):
 def new generation   total 12480K, used 1343K [0x03a00000, 0x04780000, 0x08f50000)
  eden space 11136K,   0% used [0x03a00000, 0x03a00000, 0x044e0000)
  from space 1344K,  99% used [0x04630000, 0x0477fff8, 0x04780000)
  to   space 1344K,   0% used [0x044e0000, 0x044e0000, 0x04630000)
 tenured generation   total 27540K, used 20939K [0x08f50000, 0x0aa35000, 0x13a00000)
   the space 27540K,  76% used [0x08f50000, 0x0a3c2ee0, 0x0a3c3000, 0x0aa35000)
 Metaspace       used 13558K, capacity 13764K, committed 13824K, reserved 14720K
}
Event: 6.693 GC heap before
{Heap before GC invocations=52 (full 3):
 def new generation   total 12480K, used 12479K [0x03a00000, 0x04780000, 0x08f50000)
  eden space 11136K, 100% used [0x03a00000, 0x044e0000, 0x044e0000)
  from space 1344K,  99% used [0x04630000, 0x0477fff8, 0x04780000)
  to   space 1344K,   0% used [0x044e0000, 0x044e0000, 0x04630000)
 tenured generation   total 27540K, used 20939K [0x08f50000, 0x0aa35000, 0x13a00000)
   the space 27540K,  76% used [0x08f50000, 0x0a3c2ee0, 0x0a3c3000, 0x0aa35000)
 Metaspace       used 13558K, capacity 13764K, committed 13824K, reserved 14720K
Event: 6.705 GC heap after
Heap after GC invocations=53 (full 3):
 def new generation   total 12480K, used 1344K [0x03a00000, 0x04780000, 0x08f50000)
  eden space 11136K,   0% used [0x03a00000, 0x03a00000, 0x044e0000)
  from space 1344K, 100% used [0x044e0000, 0x04630000, 0x04630000)
  to   space 1344K,   0% used [0x04630000, 0x04630000, 0x04780000)
 tenured generation   total 27540K, used 22894K [0x08f50000, 0x0aa35000, 0x13a00000)
   the space 27540K,  83% used [0x08f50000, 0x0a5ab830, 0x0a5aba00, 0x0aa35000)
 Metaspace       used 13558K, capacity 13764K, committed 13824K, reserved 14720K
}
Event: 6.787 GC heap before
{Heap before GC invocations=53 (full 3):
 def new generation   total 12480K, used 12480K [0x03a00000, 0x04780000, 0x08f50000)
  eden space 11136K, 100% used [0x03a00000, 0x044e0000, 0x044e0000)
  from space 1344K, 100% used [0x044e0000, 0x04630000, 0x04630000)
  to   space 1344K,   0% used [0x04630000, 0x04630000, 0x04780000)
 tenured generation   total 27540K, used 22894K [0x08f50000, 0x0aa35000, 0x13a00000)
   the space 27540K,  83% used [0x08f50000, 0x0a5ab830, 0x0a5aba00, 0x0aa35000)
 Metaspace       used 13558K, capacity 13764K, committed 13824K, reserved 14720K
Event: 6.799 GC heap after
Heap after GC invocations=54 (full 3):
 def new generation   total 12480K, used 1344K [0x03a00000, 0x04780000, 0x08f50000)
  eden space 11136K,   0% used [0x03a00000, 0x03a00000, 0x044e0000)
  from space 1344K, 100% used [0x04630000, 0x04780000, 0x04780000)
  to   space 1344K,   0% used [0x044e0000, 0x044e0000, 0x04630000)
 tenured generation   total 27540K, used 24993K [0x08f50000, 0x0aa35000, 0x13a00000)
   the space 27540K,  90% used [0x08f50000, 0x0a7b84f8, 0x0a7b8600, 0x0aa35000)
 Metaspace       used 13558K, capacity 13764K, committed 13824K, reserved 14720K
}
Event: 6.884 GC heap before
{Heap before GC invocations=54 (full 3):
 def new generation   total 12480K, used 12480K [0x03a00000, 0x04780000, 0x08f50000)
  eden space 11136K, 100% used [0x03a00000, 0x044e0000, 0x044e0000)
  from space 1344K, 100% used [0x04630000, 0x04780000, 0x04780000)
  to   space 1344K,   0% used [0x044e0000, 0x044e0000, 0x04630000)
 tenured generation   total 27540K, used 24993K [0x08f50000, 0x0aa35000, 0x13a00000)
   the space 27540K,  90% used [0x08f50000, 0x0a7b84f8, 0x0a7b8600, 0x0aa35000)
 Metaspace       used 13558K, capacity 13764K, committed 13824K, reserved 14720K
Event: 6.896 GC heap after
Heap after GC invocations=55 (full 3):
 def new generation   total 12480K, used 1344K [0x03a00000, 0x04780000, 0x08f50000)
  eden space 11136K,   0% used [0x03a00000, 0x03a00000, 0x044e0000)
  from space 1344K, 100% used [0x044e0000, 0x04630000, 0x04630000)
  to   space 1344K,   0% used [0x04630000, 0x04630000, 0x04780000)
 tenured generation   total 27540K, used 27204K [0x08f50000, 0x0aa35000, 0x13a00000)
   the space 27540K,  98% used [0x08f50000, 0x0a9e1160, 0x0a9e1200, 0x0aa35000)
 Metaspace       used 13558K, capacity 13764K, committed 13824K, reserved 14720K
}
Event: 6.984 GC heap before
{Heap before GC invocations=55 (full 3):
 def new generation   total 12480K, used 12480K [0x03a00000, 0x04780000, 0x08f50000)
  eden space 11136K, 100% used [0x03a00000, 0x044e0000, 0x044e0000)
  from space 1344K, 100% used [0x044e0000, 0x04630000, 0x04630000)
  to   space 1344K,   0% used [0x04630000, 0x04630000, 0x04780000)
 tenured generation   total 27540K, used 27204K [0x08f50000, 0x0aa35000, 0x13a00000)
   the space 27540K,  98% used [0x08f50000, 0x0a9e1160, 0x0a9e1200, 0x0aa35000)
 Metaspace       used 13563K, capacity 13798K, committed 13824K, reserved 14720K

