# JRE version: Java(TM) SE Runtime Environment (8.0_121-b13) (build 1.8.0_121-b13)
# Java VM: Java HotSpot(TM) Client VM (25.121-b13 mixed mode, sharing windows-x86 )
Heap:
 def new generation   total 6016K, used 5558K [0x03a00000, 0x04080000, 0x08f50000)
  eden space 5376K,  91% used [0x03a00000, 0x03ecda20, 0x03f40000)
  from space 640K,  99% used [0x03f40000, 0x03fdfec0, 0x03fe0000)
  to   space 640K,   0% used [0x03fe0000, 0x03fe0000, 0x04080000)
 tenured generation   total 13292K, used 10290K [0x08f50000, 0x09c4b000, 0x13a00000)
   the space 13292K,  77% used [0x08f50000, 0x0995cbe8, 0x0995cc00, 0x09c4b000)
 Metaspace       used 8963K, capacity 9954K, committed 9984K, reserved 12672K
GC Heap History (10 events):
Event: 5.597 GC heap before
{Heap before GC invocations=32 (full 1):
 def new generation   total 6016K, used 5917K [0x03a00000, 0x04080000, 0x08f50000)
  eden space 5376K, 100% used [0x03a00000, 0x03f40000, 0x03f40000)
  from space 640K,  84% used [0x03fe0000, 0x040675c0, 0x04080000)
  to   space 640K,   0% used [0x03f40000, 0x03f40000, 0x03fe0000)
 tenured generation   total 13292K, used 8530K [0x08f50000, 0x09c4b000, 0x13a00000)
   the space 13292K,  64% used [0x08f50000, 0x097a4ab0, 0x097a4c00, 0x09c4b000)
 Metaspace       used 6765K, capacity 8504K, committed 8576K, reserved 8576K
Event: 5.600 GC heap after
Heap after GC invocations=33 (full 1):
 def new generation   total 6016K, used 290K [0x03a00000, 0x04080000, 0x08f50000)
  eden space 5376K,   0% used [0x03a00000, 0x03a00000, 0x03f40000)
  from space 640K,  45% used [0x03f40000, 0x03f88bd8, 0x03fe0000)
  to   space 640K,   0% used [0x03fe0000, 0x03fe0000, 0x04080000)
 tenured generation   total 13292K, used 8958K [0x08f50000, 0x09c4b000, 0x13a00000)
   the space 13292K,  67% used [0x08f50000, 0x0980fb50, 0x0980fc00, 0x09c4b000)
 Metaspace       used 6765K, capacity 8504K, committed 8576K, reserved 8576K
}
Event: 5.762 GC heap before
{Heap before GC invocations=33 (full 1):
 def new generation   total 6016K, used 5649K [0x03a00000, 0x04080000, 0x08f50000)
  eden space 5376K,  99% used [0x03a00000, 0x03f3ba30, 0x03f40000)
  from space 640K,  45% used [0x03f40000, 0x03f88bd8, 0x03fe0000)
  to   space 640K,   0% used [0x03fe0000, 0x03fe0000, 0x04080000)
 tenured generation   total 13292K, used 8958K [0x08f50000, 0x09c4b000, 0x13a00000)
   the space 13292K,  67% used [0x08f50000, 0x0980fb50, 0x0980fc00, 0x09c4b000)
 Metaspace       used 6833K, capacity 8602K, committed 8704K, reserved 9600K
Event: 5.765 GC heap after
Heap after GC invocations=34 (full 1):
 def new generation   total 6016K, used 640K [0x03a00000, 0x04080000, 0x08f50000)
  eden space 5376K,   0% used [0x03a00000, 0x03a00000, 0x03f40000)
  from space 640K, 100% used [0x03fe0000, 0x04080000, 0x04080000)
  to   space 640K,   0% used [0x03f40000, 0x03f40000, 0x03fe0000)
 tenured generation   total 13292K, used 9250K [0x08f50000, 0x09c4b000, 0x13a00000)
   the space 13292K,  69% used [0x08f50000, 0x098588b8, 0x09858a00, 0x09c4b000)
 Metaspace       used 6833K, capacity 8602K, committed 8704K, reserved 9600K
}
Event: 5.890 GC heap before
{Heap before GC invocations=34 (full 1):
 def new generation   total 6016K, used 6016K [0x03a00000, 0x04080000, 0x08f50000)
  eden space 5376K, 100% used [0x03a00000, 0x03f40000, 0x03f40000)
  from space 640K, 100% used [0x03fe0000, 0x04080000, 0x04080000)
  to   space 640K,   0% used [0x03f40000, 0x03f40000, 0x03fe0000)
 tenured generation   total 13292K, used 9250K [0x08f50000, 0x09c4b000, 0x13a00000)
   the space 13292K,  69% used [0x08f50000, 0x098588b8, 0x09858a00, 0x09c4b000)
 Metaspace       used 7171K, capacity 8926K, committed 8960K, reserved 9600K
Event: 5.893 GC heap after
Heap after GC invocations=35 (full 1):
 def new generation   total 6016K, used 598K [0x03a00000, 0x04080000, 0x08f50000)
  eden space 5376K,   0% used [0x03a00000, 0x03a00000, 0x03f40000)
  from space 640K,  93% used [0x03f40000, 0x03fd5a98, 0x03fe0000)
  to   space 640K,   0% used [0x03fe0000, 0x03fe0000, 0x04080000)
 tenured generation   total 13292K, used 9602K [0x08f50000, 0x09c4b000, 0x13a00000)
   the space 13292K,  72% used [0x08f50000, 0x098b0a90, 0x098b0c00, 0x09c4b000)
 Metaspace       used 7171K, capacity 8926K, committed 8960K, reserved 9600K
}
Event: 6.024 GC heap before
{Heap before GC invocations=35 (full 1):
 def new generation   total 6016K, used 5974K [0x03a00000, 0x04080000, 0x08f50000)
  eden space 5376K, 100% used [0x03a00000, 0x03f40000, 0x03f40000)
  from space 640K,  93% used [0x03f40000, 0x03fd5a98, 0x03fe0000)
  to   space 640K,   0% used [0x03fe0000, 0x03fe0000, 0x04080000)
 tenured generation   total 13292K, used 9602K [0x08f50000, 0x09c4b000, 0x13a00000)
   the space 13292K,  72% used [0x08f50000, 0x098b0a90, 0x098b0c00, 0x09c4b000)
 Metaspace       used 7471K, capacity 9218K, committed 9344K, reserved 9600K
Event: 6.028 GC heap after
Heap after GC invocations=36 (full 1):
 def new generation   total 6016K, used 640K [0x03a00000, 0x04080000, 0x08f50000)
  eden space 5376K,   0% used [0x03a00000, 0x03a00000, 0x03f40000)
  from space 640K, 100% used [0x03fe0000, 0x04080000, 0x04080000)
  to   space 640K,   0% used [0x03f40000, 0x03f40000, 0x03fe0000)
 tenured generation   total 13292K, used 9851K [0x08f50000, 0x09c4b000, 0x13a00000)
   the space 13292K,  74% used [0x08f50000, 0x098eef00, 0x098ef000, 0x09c4b000)
 Metaspace       used 7471K, capacity 9218K, committed 9344K, reserved 9600K
}
Event: 6.347 GC heap before
{Heap before GC invocations=36 (full 1):
 def new generation   total 6016K, used 6014K [0x03a00000, 0x04080000, 0x08f50000)
  eden space 5376K,  99% used [0x03a00000, 0x03f3fa08, 0x03f40000)
  from space 640K, 100% used [0x03fe0000, 0x04080000, 0x04080000)
  to   space 640K,   0% used [0x03f40000, 0x03f40000, 0x03fe0000)
 tenured generation   total 13292K, used 9851K [0x08f50000, 0x09c4b000, 0x13a00000)
   the space 13292K,  74% used [0x08f50000, 0x098eef00, 0x098ef000, 0x09c4b000)
 Metaspace       used 8056K, capacity 9634K, committed 9728K, reserved 10624K
Event: 6.351 GC heap after
Heap after GC invocations=37 (full 1):
 def new generation   total 6016K, used 639K [0x03a00000, 0x04080000, 0x08f50000)
  eden space 5376K,   0% used [0x03a00000, 0x03a00000, 0x03f40000)
  from space 640K,  99% used [0x03f40000, 0x03fdfec0, 0x03fe0000)
  to   space 640K,   0% used [0x03fe0000, 0x03fe0000, 0x04080000)
 tenured generation   total 13292K, used 10290K [0x08f50000, 0x09c4b000, 0x13a00000)
   the space 13292K,  77% used [0x08f50000, 0x0995cbe8, 0x0995cc00, 0x09c4b000)
 Metaspace       used 8056K, capacity 9634K, committed 9728K, reserved 10624K
}

